# JRE version: OpenJDK Runtime Environment Temurin-17.0.11+9 (17.0.11+9) (build 17.0.11+9)
# Java VM: OpenJDK 64-Bit Server VM Temurin-17.0.11+9 (17.0.11+9, mixed mode, tiered, compressed oops, compressed class ptrs, parallel gc, windows-amd64)
GC Precious Log:
 CPUs: 12 total, 12 available
 Memory: 15706M
 Large Page Support: Disabled
 NUMA Support: Disabled
 Compressed Oops: Enabled (32-bit)
 Alignments: Space 512K, Generation 512K, Heap 2M
 Heap Min Capacity: 100M
 Heap Initial Capacity: 100M
 Heap Max Capacity: 1G
 Pre-touch: Disabled
 Parallel Workers: 10
Heap:
 PSYoungGen      total 23040K, used 10075K [0x00000000eab00000, 0x00000000ec500000, 0x0000000100000000)
  eden space 22016K, 41% used [0x00000000eab00000,0x00000000eb3f6d20,0x00000000ec080000)
  from space 1024K, 87% used [0x00000000ec400000,0x00000000ec4e0000,0x00000000ec500000)
  to   space 1024K, 0% used [0x00000000ec300000,0x00000000ec300000,0x00000000ec400000)
 ParOldGen       total 68608K, used 19685K [0x00000000c0000000, 0x00000000c4300000, 0x00000000eab00000)
  object space 68608K, 28% used [0x00000000c0000000,0x00000000c13394f0,0x00000000c4300000)
 Metaspace       used 48117K, committed 49152K, reserved 1114112K
  class space    used 5145K, committed 5632K, reserved 1048576K
GC Heap History (20 events):
Event: 7.046 GC heap before
{Heap before GC invocations=9 (full 1):
 PSYoungGen      total 27136K, used 27089K [0x00000000eab00000, 0x00000000eca00000, 0x0000000100000000)
  eden space 24576K, 99% used [0x00000000eab00000,0x00000000ec2fb160,0x00000000ec300000)
  from space 2560K, 98% used [0x00000000ec580000,0x00000000ec7f9350,0x00000000ec800000)
  to   space 2048K, 0% used [0x00000000ec800000,0x00000000ec800000,0x00000000eca00000)
 ParOldGen       total 68608K, used 11166K [0x00000000c0000000, 0x00000000c4300000, 0x00000000eab00000)
  object space 68608K, 16% used [0x00000000c0000000,0x00000000c0ae7848,0x00000000c4300000)
 Metaspace       used 29800K, committed 30528K, reserved 1114112K
  class space    used 3029K, committed 3328K, reserved 1048576K
}
Event: 7.047 GC heap after
{Heap after GC invocations=9 (full 1):
 PSYoungGen      total 26112K, used 2036K [0x00000000eab00000, 0x00000000eca00000, 0x0000000100000000)
  eden space 24064K, 0% used [0x00000000eab00000,0x00000000eab00000,0x00000000ec280000)
  from space 2048K, 99% used [0x00000000ec800000,0x00000000ec9fd250,0x00000000eca00000)
  to   space 3584K, 0% used [0x00000000ec300000,0x00000000ec300000,0x00000000ec680000)
 ParOldGen       total 68608K, used 12342K [0x00000000c0000000, 0x00000000c4300000, 0x00000000eab00000)
  object space 68608K, 17% used [0x00000000c0000000,0x00000000c0c0d878,0x00000000c4300000)
 Metaspace       used 29800K, committed 30528K, reserved 1114112K
  class space    used 3029K, committed 3328K, reserved 1048576K
}
Event: 7.250 GC heap before
{Heap before GC invocations=10 (full 1):
 PSYoungGen      total 26112K, used 25549K [0x00000000eab00000, 0x00000000eca00000, 0x0000000100000000)
  eden space 24064K, 97% used [0x00000000eab00000,0x00000000ec1f6520,0x00000000ec280000)
  from space 2048K, 99% used [0x00000000ec800000,0x00000000ec9fd250,0x00000000eca00000)
  to   space 3584K, 0% used [0x00000000ec300000,0x00000000ec300000,0x00000000ec680000)
 ParOldGen       total 68608K, used 12342K [0x00000000c0000000, 0x00000000c4300000, 0x00000000eab00000)
  object space 68608K, 17% used [0x00000000c0000000,0x00000000c0c0d878,0x00000000c4300000)
 Metaspace       used 33112K, committed 33920K, reserved 1114112K
  class space    used 3294K, committed 3648K, reserved 1048576K
}
Event: 7.252 GC heap after
{Heap after GC invocations=10 (full 1):
 PSYoungGen      total 26624K, used 2795K [0x00000000eab00000, 0x00000000ec880000, 0x0000000100000000)
  eden space 23552K, 0% used [0x00000000eab00000,0x00000000eab00000,0x00000000ec200000)
  from space 3072K, 90% used [0x00000000ec300000,0x00000000ec5bacd0,0x00000000ec600000)
  to   space 2560K, 0% used [0x00000000ec600000,0x00000000ec600000,0x00000000ec880000)
 ParOldGen       total 68608K, used 12766K [0x00000000c0000000, 0x00000000c4300000, 0x00000000eab00000)
  object space 68608K, 18% used [0x00000000c0000000,0x00000000c0c77b70,0x00000000c4300000)
 Metaspace       used 33112K, committed 33920K, reserved 1114112K
  class space    used 3294K, committed 3648K, reserved 1048576K
}
Event: 7.444 GC heap before
{Heap before GC invocations=11 (full 1):
 PSYoungGen      total 26624K, used 26347K [0x00000000eab00000, 0x00000000ec880000, 0x0000000100000000)
  eden space 23552K, 100% used [0x00000000eab00000,0x00000000ec200000,0x00000000ec200000)
  from space 3072K, 90% used [0x00000000ec300000,0x00000000ec5bacd0,0x00000000ec600000)
  to   space 2560K, 0% used [0x00000000ec600000,0x00000000ec600000,0x00000000ec880000)
 ParOldGen       total 68608K, used 12766K [0x00000000c0000000, 0x00000000c4300000, 0x00000000eab00000)
  object space 68608K, 18% used [0x00000000c0000000,0x00000000c0c77b70,0x00000000c4300000)
 Metaspace       used 34671K, committed 35520K, reserved 1114112K
  class space    used 3413K, committed 3776K, reserved 1048576K
}
Event: 7.447 GC heap after
{Heap after GC invocations=11 (full 1):
 PSYoungGen      total 25088K, used 1999K [0x00000000eab00000, 0x00000000ec800000, 0x0000000100000000)
  eden space 23040K, 0% used [0x00000000eab00000,0x00000000eab00000,0x00000000ec180000)
  from space 2048K, 97% used [0x00000000ec600000,0x00000000ec7f3c90,0x00000000ec800000)
  to   space 2560K, 0% used [0x00000000ec300000,0x00000000ec300000,0x00000000ec580000)
 ParOldGen       total 68608K, used 15210K [0x00000000c0000000, 0x00000000c4300000, 0x00000000eab00000)
  object space 68608K, 22% used [0x00000000c0000000,0x00000000c0edaac0,0x00000000c4300000)
 Metaspace       used 34671K, committed 35520K, reserved 1114112K
  class space    used 3413K, committed 3776K, reserved 1048576K
}
Event: 7.469 GC heap before
{Heap before GC invocations=12 (full 1):
 PSYoungGen      total 25088K, used 4317K [0x00000000eab00000, 0x00000000ec800000, 0x0000000100000000)
  eden space 23040K, 10% used [0x00000000eab00000,0x00000000ead43968,0x00000000ec180000)
  from space 2048K, 97% used [0x00000000ec600000,0x00000000ec7f3c90,0x00000000ec800000)
  to   space 2560K, 0% used [0x00000000ec300000,0x00000000ec300000,0x00000000ec580000)
 ParOldGen       total 68608K, used 15210K [0x00000000c0000000, 0x00000000c4300000, 0x00000000eab00000)
  object space 68608K, 22% used [0x00000000c0000000,0x00000000c0edaac0,0x00000000c4300000)
 Metaspace       used 35076K, committed 35840K, reserved 1114112K
  class space    used 3441K, committed 3776K, reserved 1048576K
}
Event: 7.471 GC heap after
{Heap after GC invocations=12 (full 1):
 PSYoungGen      total 23552K, used 366K [0x00000000eab00000, 0x00000000ec680000, 0x0000000100000000)
  eden space 23040K, 0% used [0x00000000eab00000,0x00000000eab00000,0x00000000ec180000)
  from space 512K, 71% used [0x00000000ec300000,0x00000000ec35bbb8,0x00000000ec380000)
  to   space 1536K, 0% used [0x00000000ec500000,0x00000000ec500000,0x00000000ec680000)
 ParOldGen       total 68608K, used 17147K [0x00000000c0000000, 0x00000000c4300000, 0x00000000eab00000)
  object space 68608K, 24% used [0x00000000c0000000,0x00000000c10bec28,0x00000000c4300000)
 Metaspace       used 35076K, committed 35840K, reserved 1114112K
  class space    used 3441K, committed 3776K, reserved 1048576K
}
Event: 7.471 GC heap before
{Heap before GC invocations=13 (full 2):
 PSYoungGen      total 23552K, used 366K [0x00000000eab00000, 0x00000000ec680000, 0x0000000100000000)
  eden space 23040K, 0% used [0x00000000eab00000,0x00000000eab00000,0x00000000ec180000)
  from space 512K, 71% used [0x00000000ec300000,0x00000000ec35bbb8,0x00000000ec380000)
  to   space 1536K, 0% used [0x00000000ec500000,0x00000000ec500000,0x00000000ec680000)
 ParOldGen       total 68608K, used 17147K [0x00000000c0000000, 0x00000000c4300000, 0x00000000eab00000)
  object space 68608K, 24% used [0x00000000c0000000,0x00000000c10bec28,0x00000000c4300000)
 Metaspace       used 35076K, committed 35840K, reserved 1114112K
  class space    used 3441K, committed 3776K, reserved 1048576K
}
Event: 7.494 GC heap after
{Heap after GC invocations=13 (full 2):
 PSYoungGen      total 23552K, used 0K [0x00000000eab00000, 0x00000000ec680000, 0x0000000100000000)
  eden space 23040K, 0% used [0x00000000eab00000,0x00000000eab00000,0x00000000ec180000)
  from space 512K, 0% used [0x00000000ec300000,0x00000000ec300000,0x00000000ec380000)
  to   space 1536K, 0% used [0x00000000ec500000,0x00000000ec500000,0x00000000ec680000)
 ParOldGen       total 68608K, used 15798K [0x00000000c0000000, 0x00000000c4300000, 0x00000000eab00000)
  object space 68608K, 23% used [0x00000000c0000000,0x00000000c0f6dac0,0x00000000c4300000)
 Metaspace       used 35076K, committed 35840K, reserved 1114112K
  class space    used 3441K, committed 3776K, reserved 1048576K
}
Event: 7.781 GC heap before
{Heap before GC invocations=14 (full 2):
 PSYoungGen      total 23552K, used 23040K [0x00000000eab00000, 0x00000000ec680000, 0x0000000100000000)
  eden space 23040K, 100% used [0x00000000eab00000,0x00000000ec180000,0x00000000ec180000)
  from space 512K, 0% used [0x00000000ec300000,0x00000000ec300000,0x00000000ec380000)
  to   space 1536K, 0% used [0x00000000ec500000,0x00000000ec500000,0x00000000ec680000)
 ParOldGen       total 68608K, used 15798K [0x00000000c0000000, 0x00000000c4300000, 0x00000000eab00000)
  object space 68608K, 23% used [0x00000000c0000000,0x00000000c0f6dac0,0x00000000c4300000)
 Metaspace       used 38147K, committed 39168K, reserved 1114112K
  class space    used 3836K, committed 4288K, reserved 1048576K
}
Event: 7.782 GC heap after
{Heap after GC invocations=14 (full 2):
 PSYoungGen      total 24064K, used 1162K [0x00000000eab00000, 0x00000000ec680000, 0x0000000100000000)
  eden space 22528K, 0% used [0x00000000eab00000,0x00000000eab00000,0x00000000ec100000)
  from space 1536K, 75% used [0x00000000ec500000,0x00000000ec622928,0x00000000ec680000)
  to   space 1536K, 0% used [0x00000000ec380000,0x00000000ec380000,0x00000000ec500000)
 ParOldGen       total 68608K, used 15806K [0x00000000c0000000, 0x00000000c4300000, 0x00000000eab00000)
  object space 68608K, 23% used [0x00000000c0000000,0x00000000c0f6fac0,0x00000000c4300000)
 Metaspace       used 38147K, committed 39168K, reserved 1114112K
  class space    used 3836K, committed 4288K, reserved 1048576K
}
Event: 7.979 GC heap before
{Heap before GC invocations=15 (full 2):
 PSYoungGen      total 24064K, used 23690K [0x00000000eab00000, 0x00000000ec680000, 0x0000000100000000)
  eden space 22528K, 100% used [0x00000000eab00000,0x00000000ec100000,0x00000000ec100000)
  from space 1536K, 75% used [0x00000000ec500000,0x00000000ec622928,0x00000000ec680000)
  to   space 1536K, 0% used [0x00000000ec380000,0x00000000ec380000,0x00000000ec500000)
 ParOldGen       total 68608K, used 15806K [0x00000000c0000000, 0x00000000c4300000, 0x00000000eab00000)
  object space 68608K, 23% used [0x00000000c0000000,0x00000000c0f6fac0,0x00000000c4300000)
 Metaspace       used 40554K, committed 41536K, reserved 1114112K
  class space    used 4119K, committed 4544K, reserved 1048576K
}
Event: 7.981 GC heap after
{Heap after GC invocations=15 (full 2):
 PSYoungGen      total 23552K, used 1357K [0x00000000eab00000, 0x00000000ec580000, 0x0000000100000000)
  eden space 22016K, 0% used [0x00000000eab00000,0x00000000eab00000,0x00000000ec080000)
  from space 1536K, 88% used [0x00000000ec380000,0x00000000ec4d36d0,0x00000000ec500000)
  to   space 512K, 0% used [0x00000000ec500000,0x00000000ec500000,0x00000000ec580000)
 ParOldGen       total 68608K, used 16848K [0x00000000c0000000, 0x00000000c4300000, 0x00000000eab00000)
  object space 68608K, 24% used [0x00000000c0000000,0x00000000c1074028,0x00000000c4300000)
 Metaspace       used 40554K, committed 41536K, reserved 1114112K
  class space    used 4119K, committed 4544K, reserved 1048576K
}
Event: 8.164 GC heap before
{Heap before GC invocations=16 (full 2):
 PSYoungGen      total 23552K, used 23373K [0x00000000eab00000, 0x00000000ec580000, 0x0000000100000000)
  eden space 22016K, 100% used [0x00000000eab00000,0x00000000ec080000,0x00000000ec080000)
  from space 1536K, 88% used [0x00000000ec380000,0x00000000ec4d36d0,0x00000000ec500000)
  to   space 512K, 0% used [0x00000000ec500000,0x00000000ec500000,0x00000000ec580000)
 ParOldGen       total 68608K, used 16848K [0x00000000c0000000, 0x00000000c4300000, 0x00000000eab00000)
  object space 68608K, 24% used [0x00000000c0000000,0x00000000c1074028,0x00000000c4300000)
 Metaspace       used 43304K, committed 44352K, reserved 1114112K
  class space    used 4519K, committed 4992K, reserved 1048576K
}
Event: 8.166 GC heap after
{Heap after GC invocations=16 (full 2):
 PSYoungGen      total 22528K, used 512K [0x00000000eab00000, 0x00000000ec680000, 0x0000000100000000)
  eden space 22016K, 0% used [0x00000000eab00000,0x00000000eab00000,0x00000000ec080000)
  from space 512K, 100% used [0x00000000ec500000,0x00000000ec580000,0x00000000ec580000)
  to   space 3072K, 0% used [0x00000000ec080000,0x00000000ec080000,0x00000000ec380000)
 ParOldGen       total 68608K, used 18736K [0x00000000c0000000, 0x00000000c4300000, 0x00000000eab00000)
  object space 68608K, 27% used [0x00000000c0000000,0x00000000c124c2e0,0x00000000c4300000)
 Metaspace       used 43304K, committed 44352K, reserved 1114112K
  class space    used 4519K, committed 4992K, reserved 1048576K
}
Event: 8.350 GC heap before
{Heap before GC invocations=17 (full 2):
 PSYoungGen      total 22528K, used 22528K [0x00000000eab00000, 0x00000000ec680000, 0x0000000100000000)
  eden space 22016K, 100% used [0x00000000eab00000,0x00000000ec080000,0x00000000ec080000)
  from space 512K, 100% used [0x00000000ec500000,0x00000000ec580000,0x00000000ec580000)
  to   space 3072K, 0% used [0x00000000ec080000,0x00000000ec080000,0x00000000ec380000)
 ParOldGen       total 68608K, used 18736K [0x00000000c0000000, 0x00000000c4300000, 0x00000000eab00000)
  object space 68608K, 27% used [0x00000000c0000000,0x00000000c124c2e0,0x00000000c4300000)
 Metaspace       used 44591K, committed 45504K, reserved 1114112K
  class space    used 4692K, committed 5120K, reserved 1048576K
}
Event: 8.351 GC heap after
{Heap after GC invocations=17 (full 2):
 PSYoungGen      total 25088K, used 630K [0x00000000eab00000, 0x00000000ec580000, 0x0000000100000000)
  eden space 22016K, 0% used [0x00000000eab00000,0x00000000eab00000,0x00000000ec080000)
  from space 3072K, 20% used [0x00000000ec080000,0x00000000ec11d898,0x00000000ec380000)
  to   space 1536K, 0% used [0x00000000ec400000,0x00000000ec400000,0x00000000ec580000)
 ParOldGen       total 68608K, used 19237K [0x00000000c0000000, 0x00000000c4300000, 0x00000000eab00000)
  object space 68608K, 28% used [0x00000000c0000000,0x00000000c12c94f0,0x00000000c4300000)
 Metaspace       used 44591K, committed 45504K, reserved 1114112K
  class space    used 4692K, committed 5120K, reserved 1048576K
}
Event: 8.606 GC heap before
{Heap before GC invocations=18 (full 2):
 PSYoungGen      total 25088K, used 22646K [0x00000000eab00000, 0x00000000ec580000, 0x0000000100000000)
  eden space 22016K, 100% used [0x00000000eab00000,0x00000000ec080000,0x00000000ec080000)
  from space 3072K, 20% used [0x00000000ec080000,0x00000000ec11d898,0x00000000ec380000)
  to   space 1536K, 0% used [0x00000000ec400000,0x00000000ec400000,0x00000000ec580000)
 ParOldGen       total 68608K, used 19237K [0x00000000c0000000, 0x00000000c4300000, 0x00000000eab00000)
  object space 68608K, 28% used [0x00000000c0000000,0x00000000c12c94f0,0x00000000c4300000)
 Metaspace       used 46997K, committed 47936K, reserved 1114112K
  class space    used 5002K, committed 5440K, reserved 1048576K
}
Event: 8.607 GC heap after
{Heap after GC invocations=18 (full 2):
 PSYoungGen      total 23040K, used 896K [0x00000000eab00000, 0x00000000ec500000, 0x0000000100000000)
  eden space 22016K, 0% used [0x00000000eab00000,0x00000000eab00000,0x00000000ec080000)
  from space 1024K, 87% used [0x00000000ec400000,0x00000000ec4e0000,0x00000000ec500000)
  to   space 1024K, 0% used [0x00000000ec300000,0x00000000ec300000,0x00000000ec400000)
 ParOldGen       total 68608K, used 19685K [0x00000000c0000000, 0x00000000c4300000, 0x00000000eab00000)
  object space 68608K, 28% used [0x00000000c0000000,0x00000000c13394f0,0x00000000c4300000)
 Metaspace       used 46997K, committed 47936K, reserved 1114112K
  class space    used 5002K, committed 5440K, reserved 1048576K
}

