# JRE version: Java(TM) SE Runtime Environment (14.0+36) (build 14+36-1461)
# Java VM: Java HotSpot(TM) 64-Bit Server VM (14+36-1461, mixed mode, sharing, tiered, compressed oops, g1 gc, windows-amd64)
Heap:
 garbage-first heap   total 201728K, used 95525K [0x000000070a800000, 0x0000000800000000)
  region size 1024K, 28 young (28672K), 2 survivors (2048K)
 Metaspace       used 37735K, capacity 38581K, committed 38684K, reserved 1083392K
  class space    used 4170K, capacity 4471K, committed 4556K, reserved 1048576K
GC Heap History (20 events):
Event: 0.464 GC heap before
{Heap before GC invocations=0 (full 0):
 garbage-first heap   total 251904K, used 23552K [0x000000070a800000, 0x0000000800000000)
  region size 1024K, 23 young (23552K), 0 survivors (0K)
 Metaspace       used 5113K, capacity 7774K, committed 7808K, reserved 1056768K
  class space    used 614K, capacity 893K, committed 896K, reserved 1048576K
}
Event: 0.468 GC heap after
{Heap after GC invocations=1 (full 0):
 garbage-first heap   total 251904K, used 3521K [0x000000070a800000, 0x0000000800000000)
  region size 1024K, 3 young (3072K), 3 survivors (3072K)
 Metaspace       used 5113K, capacity 7774K, committed 7808K, reserved 1056768K
  class space    used 614K, capacity 893K, committed 896K, reserved 1048576K
}
Event: 0.871 GC heap before
{Heap before GC invocations=1 (full 0):
 garbage-first heap   total 251904K, used 34241K [0x000000070a800000, 0x0000000800000000)
  region size 1024K, 33 young (33792K), 3 survivors (3072K)
 Metaspace       used 8964K, capacity 11267K, committed 11392K, reserved 1058816K
  class space    used 1099K, capacity 1389K, committed 1408K, reserved 1048576K
}
Event: 0.874 GC heap after
{Heap after GC invocations=2 (full 0):
 garbage-first heap   total 251904K, used 4933K [0x000000070a800000, 0x0000000800000000)
  region size 1024K, 2 young (2048K), 2 survivors (2048K)
 Metaspace       used 8964K, capacity 11267K, committed 11392K, reserved 1058816K
  class space    used 1099K, capacity 1389K, committed 1408K, reserved 1048576K
}
Event: 2.742 GC heap before
{Heap before GC invocations=2 (full 0):
 garbage-first heap   total 251904K, used 153413K [0x000000070a800000, 0x0000000800000000)
  region size 1024K, 147 young (150528K), 2 survivors (2048K)
 Metaspace       used 15717K, capacity 17255K, committed 17536K, reserved 1064960K
  class space    used 1789K, capacity 2052K, committed 2176K, reserved 1048576K
}
Event: 2.752 GC heap after
{Heap after GC invocations=3 (full 0):
 garbage-first heap   total 251904K, used 13001K [0x000000070a800000, 0x0000000800000000)
  region size 1024K, 10 young (10240K), 10 survivors (10240K)
 Metaspace       used 15717K, capacity 17255K, committed 17536K, reserved 1064960K
  class space    used 1789K, capacity 2052K, committed 2176K, reserved 1048576K
}
Event: 3.300 GC heap before
{Heap before GC invocations=3 (full 0):
 garbage-first heap   total 251904K, used 92873K [0x000000070a800000, 0x0000000800000000)
  region size 1024K, 89 young (91136K), 10 survivors (10240K)
 Metaspace       used 20158K, capacity 21108K, committed 21296K, reserved 1069056K
  class space    used 2344K, capacity 2579K, committed 2688K, reserved 1048576K
}
Event: 3.308 GC heap after
{Heap after GC invocations=4 (full 0):
 garbage-first heap   total 251904K, used 15653K [0x000000070a800000, 0x0000000800000000)
  region size 1024K, 12 young (12288K), 12 survivors (12288K)
 Metaspace       used 20158K, capacity 21108K, committed 21296K, reserved 1069056K
  class space    used 2344K, capacity 2579K, committed 2688K, reserved 1048576K
}
Event: 3.806 GC heap before
{Heap before GC invocations=5 (full 0):
 garbage-first heap   total 58368K, used 39205K [0x000000070a800000, 0x0000000800000000)
  region size 1024K, 34 young (34816K), 12 survivors (12288K)
 Metaspace       used 25343K, capacity 26075K, committed 26160K, reserved 1073152K
  class space    used 2900K, capacity 3125K, committed 3200K, reserved 1048576K
}
Event: 3.830 GC heap after
{Heap after GC invocations=6 (full 0):
 garbage-first heap   total 60416K, used 24429K [0x000000070a800000, 0x0000000800000000)
  region size 1024K, 5 young (5120K), 5 survivors (5120K)
 Metaspace       used 25343K, capacity 26075K, committed 26160K, reserved 1073152K
  class space    used 2900K, capacity 3125K, committed 3200K, reserved 1048576K
}
Event: 3.910 GC heap before
{Heap before GC invocations=6 (full 0):
 garbage-first heap   total 60416K, used 42861K [0x000000070a800000, 0x0000000800000000)
  region size 1024K, 23 young (23552K), 5 survivors (5120K)
 Metaspace       used 25364K, capacity 26075K, committed 26160K, reserved 1073152K
  class space    used 2900K, capacity 3125K, committed 3200K, reserved 1048576K
}
Event: 3.917 GC heap after
{Heap after GC invocations=7 (full 0):
 garbage-first heap   total 156672K, used 28965K [0x000000070a800000, 0x0000000800000000)
  region size 1024K, 3 young (3072K), 3 survivors (3072K)
 Metaspace       used 25364K, capacity 26075K, committed 26160K, reserved 1073152K
  class space    used 2900K, capacity 3125K, committed 3200K, reserved 1048576K
}
Event: 4.569 GC heap before
{Heap before GC invocations=7 (full 0):
 garbage-first heap   total 156672K, used 99621K [0x000000070a800000, 0x0000000800000000)
  region size 1024K, 73 young (74752K), 3 survivors (3072K)
 Metaspace       used 26308K, capacity 27034K, committed 27312K, reserved 1073152K
  class space    used 2967K, capacity 3206K, committed 3328K, reserved 1048576K
}
Event: 4.588 GC heap after
{Heap after GC invocations=8 (full 0):
 garbage-first heap   total 156672K, used 38938K [0x000000070a800000, 0x0000000800000000)
  region size 1024K, 10 young (10240K), 10 survivors (10240K)
 Metaspace       used 26308K, capacity 27034K, committed 27312K, reserved 1073152K
  class space    used 2967K, capacity 3206K, committed 3328K, reserved 1048576K
}
Event: 5.302 GC heap before
{Heap before GC invocations=8 (full 0):
 garbage-first heap   total 156672K, used 111642K [0x000000070a800000, 0x0000000800000000)
  region size 1024K, 75 young (76800K), 10 survivors (10240K)
 Metaspace       used 30203K, capacity 30960K, committed 31152K, reserved 1077248K
  class space    used 3299K, capacity 3574K, committed 3584K, reserved 1048576K
}
Event: 5.322 GC heap after
{Heap after GC invocations=9 (full 0):
 garbage-first heap   total 156672K, used 54764K [0x000000070a800000, 0x0000000800000000)
  region size 1024K, 10 young (10240K), 10 survivors (10240K)
 Metaspace       used 30203K, capacity 30960K, committed 31152K, reserved 1077248K
  class space    used 3299K, capacity 3574K, committed 3584K, reserved 1048576K
}
Event: 5.700 GC heap before
{Heap before GC invocations=9 (full 0):
 garbage-first heap   total 156672K, used 109036K [0x000000070a800000, 0x0000000800000000)
  region size 1024K, 63 young (64512K), 10 survivors (10240K)
 Metaspace       used 30558K, capacity 31345K, committed 31536K, reserved 1077248K
  class space    used 3340K, capacity 3638K, committed 3712K, reserved 1048576K
}
Event: 5.728 GC heap after
{Heap after GC invocations=10 (full 0):
 garbage-first heap   total 156672K, used 67877K [0x000000070a800000, 0x0000000800000000)
  region size 1024K, 8 young (8192K), 8 survivors (8192K)
 Metaspace       used 30558K, capacity 31345K, committed 31536K, reserved 1077248K
  class space    used 3340K, capacity 3638K, committed 3712K, reserved 1048576K
}
Event: 5.943 GC heap before
{Heap before GC invocations=10 (full 0):
 garbage-first heap   total 156672K, used 79141K [0x000000070a800000, 0x0000000800000000)
  region size 1024K, 20 young (20480K), 8 survivors (8192K)
 Metaspace       used 35083K, capacity 35845K, committed 35920K, reserved 1081344K
  class space    used 3817K, capacity 4073K, committed 4096K, reserved 1048576K
}
Event: 5.960 GC heap after
{Heap after GC invocations=11 (full 0):
 garbage-first heap   total 201728K, used 69925K [0x000000070a800000, 0x0000000800000000)
  region size 1024K, 2 young (2048K), 2 survivors (2048K)
 Metaspace       used 35083K, capacity 35845K, committed 35920K, reserved 1081344K
  class space    used 3817K, capacity 4073K, committed 4096K, reserved 1048576K
}

