# JRE version: Java(TM) SE Runtime Environment (14.0+36) (build 14+36-1461)
# Java VM: Java HotSpot(TM) 64-Bit Server VM (14+36-1461, mixed mode, sharing, tiered, compressed oops, g1 gc, windows-amd64)
Heap:
 garbage-first heap   total 200704K, used 147852K [0x000000070a800000, 0x0000000800000000)
  region size 1024K, 78 young (79872K), 4 survivors (4096K)
 Metaspace       used 40850K, capacity 41695K, committed 41904K, reserved 1087488K
  class space    used 4465K, capacity 4774K, committed 4864K, reserved 1048576K
GC Heap History (20 events):
Event: 0.881 GC heap before
{Heap before GC invocations=1 (full 0):
 garbage-first heap   total 251904K, used 34252K [0x000000070a800000, 0x0000000800000000)
  region size 1024K, 33 young (33792K), 3 survivors (3072K)
 Metaspace       used 8965K, capacity 11267K, committed 11392K, reserved 1058816K
  class space    used 1099K, capacity 1389K, committed 1408K, reserved 1048576K
}
Event: 0.885 GC heap after
{Heap after GC invocations=2 (full 0):
 garbage-first heap   total 251904K, used 5164K [0x000000070a800000, 0x0000000800000000)
  region size 1024K, 2 young (2048K), 2 survivors (2048K)
 Metaspace       used 8965K, capacity 11267K, committed 11392K, reserved 1058816K
  class space    used 1099K, capacity 1389K, committed 1408K, reserved 1048576K
}
Event: 2.672 GC heap before
{Heap before GC invocations=2 (full 0):
 garbage-first heap   total 251904K, used 153644K [0x000000070a800000, 0x0000000800000000)
  region size 1024K, 147 young (150528K), 2 survivors (2048K)
 Metaspace       used 15657K, capacity 17187K, committed 17536K, reserved 1064960K
  class space    used 1775K, capacity 2052K, committed 2176K, reserved 1048576K
}
Event: 2.680 GC heap after
{Heap after GC invocations=3 (full 0):
 garbage-first heap   total 251904K, used 13108K [0x000000070a800000, 0x0000000800000000)
  region size 1024K, 10 young (10240K), 10 survivors (10240K)
 Metaspace       used 15657K, capacity 17187K, committed 17536K, reserved 1064960K
  class space    used 1775K, capacity 2052K, committed 2176K, reserved 1048576K
}
Event: 3.223 GC heap before
{Heap before GC invocations=3 (full 0):
 garbage-first heap   total 251904K, used 92980K [0x000000070a800000, 0x0000000800000000)
  region size 1024K, 89 young (91136K), 10 survivors (10240K)
 Metaspace       used 20147K, capacity 21108K, committed 21296K, reserved 1069056K
  class space    used 2345K, capacity 2579K, committed 2688K, reserved 1048576K
}
Event: 3.229 GC heap after
{Heap after GC invocations=4 (full 0):
 garbage-first heap   total 251904K, used 15677K [0x000000070a800000, 0x0000000800000000)
  region size 1024K, 12 young (12288K), 12 survivors (12288K)
 Metaspace       used 20147K, capacity 21108K, committed 21296K, reserved 1069056K
  class space    used 2345K, capacity 2579K, committed 2688K, reserved 1048576K
}
Event: 3.752 GC heap before
{Heap before GC invocations=5 (full 0):
 garbage-first heap   total 58368K, used 39229K [0x000000070a800000, 0x0000000800000000)
  region size 1024K, 34 young (34816K), 12 survivors (12288K)
 Metaspace       used 25344K, capacity 26075K, committed 26160K, reserved 1073152K
  class space    used 2900K, capacity 3125K, committed 3200K, reserved 1048576K
}
Event: 3.773 GC heap after
{Heap after GC invocations=6 (full 0):
 garbage-first heap   total 60416K, used 24529K [0x000000070a800000, 0x0000000800000000)
  region size 1024K, 5 young (5120K), 5 survivors (5120K)
 Metaspace       used 25344K, capacity 26075K, committed 26160K, reserved 1073152K
  class space    used 2900K, capacity 3125K, committed 3200K, reserved 1048576K
}
Event: 3.864 GC heap before
{Heap before GC invocations=6 (full 0):
 garbage-first heap   total 60416K, used 42961K [0x000000070a800000, 0x0000000800000000)
  region size 1024K, 23 young (23552K), 5 survivors (5120K)
 Metaspace       used 25364K, capacity 26075K, committed 26160K, reserved 1073152K
  class space    used 2900K, capacity 3125K, committed 3200K, reserved 1048576K
}
Event: 3.874 GC heap after
{Heap after GC invocations=7 (full 0):
 garbage-first heap   total 156672K, used 29127K [0x000000070a800000, 0x0000000800000000)
  region size 1024K, 3 young (3072K), 3 survivors (3072K)
 Metaspace       used 25364K, capacity 26075K, committed 26160K, reserved 1073152K
  class space    used 2900K, capacity 3125K, committed 3200K, reserved 1048576K
}
Event: 4.732 GC heap before
{Heap before GC invocations=7 (full 0):
 garbage-first heap   total 156672K, used 100807K [0x000000070a800000, 0x0000000800000000)
  region size 1024K, 74 young (75776K), 3 survivors (3072K)
 Metaspace       used 26334K, capacity 27101K, committed 27312K, reserved 1073152K
  class space    used 2967K, capacity 3206K, committed 3328K, reserved 1048576K
}
Event: 4.748 GC heap after
{Heap after GC invocations=8 (full 0):
 garbage-first heap   total 156672K, used 39367K [0x000000070a800000, 0x0000000800000000)
  region size 1024K, 10 young (10240K), 10 survivors (10240K)
 Metaspace       used 26334K, capacity 27101K, committed 27312K, reserved 1073152K
  class space    used 2967K, capacity 3206K, committed 3328K, reserved 1048576K
}
Event: 5.628 GC heap before
{Heap before GC invocations=8 (full 0):
 garbage-first heap   total 156672K, used 112071K [0x000000070a800000, 0x0000000800000000)
  region size 1024K, 75 young (76800K), 10 survivors (10240K)
 Metaspace       used 30227K, capacity 31059K, committed 31280K, reserved 1077248K
  class space    used 3302K, capacity 3606K, committed 3712K, reserved 1048576K
}
Event: 5.649 GC heap after
{Heap after GC invocations=9 (full 0):
 garbage-first heap   total 156672K, used 55396K [0x000000070a800000, 0x0000000800000000)
  region size 1024K, 10 young (10240K), 10 survivors (10240K)
 Metaspace       used 30227K, capacity 31059K, committed 31280K, reserved 1077248K
  class space    used 3302K, capacity 3606K, committed 3712K, reserved 1048576K
}
Event: 6.023 GC heap before
{Heap before GC invocations=9 (full 0):
 garbage-first heap   total 156672K, used 109668K [0x000000070a800000, 0x0000000800000000)
  region size 1024K, 63 young (64512K), 10 survivors (10240K)
 Metaspace       used 30970K, capacity 31700K, committed 31792K, reserved 1077248K
  class space    used 3383K, capacity 3670K, committed 3712K, reserved 1048576K
}
Event: 6.052 GC heap after
{Heap after GC invocations=10 (full 0):
 garbage-first heap   total 156672K, used 68039K [0x000000070a800000, 0x0000000800000000)
  region size 1024K, 8 young (8192K), 8 survivors (8192K)
 Metaspace       used 30970K, capacity 31700K, committed 31792K, reserved 1077248K
  class space    used 3383K, capacity 3670K, committed 3712K, reserved 1048576K
}
Event: 6.250 GC heap before
{Heap before GC invocations=10 (full 0):
 garbage-first heap   total 156672K, used 78279K [0x000000070a800000, 0x0000000800000000)
  region size 1024K, 19 young (19456K), 8 survivors (8192K)
 Metaspace       used 35083K, capacity 35848K, committed 35920K, reserved 1081344K
  class space    used 3820K, capacity 4073K, committed 4096K, reserved 1048576K
}
Event: 6.267 GC heap after
{Heap after GC invocations=11 (full 0):
 garbage-first heap   total 200704K, used 70599K [0x000000070a800000, 0x0000000800000000)
  region size 1024K, 2 young (2048K), 2 survivors (2048K)
 Metaspace       used 35083K, capacity 35848K, committed 35920K, reserved 1081344K
  class space    used 3820K, capacity 4073K, committed 4096K, reserved 1048576K
}
Event: 7.688 GC heap before
{Heap before GC invocations=12 (full 0):
 garbage-first heap   total 200704K, used 144327K [0x000000070a800000, 0x0000000800000000)
  region size 1024K, 75 young (76800K), 2 survivors (2048K)
 Metaspace       used 39296K, capacity 40142K, committed 40368K, reserved 1085440K
  class space    used 4338K, capacity 4604K, committed 4608K, reserved 1048576K
}
Event: 7.695 GC heap after
{Heap after GC invocations=13 (full 0):
 garbage-first heap   total 200704K, used 73100K [0x000000070a800000, 0x0000000800000000)
  region size 1024K, 4 young (4096K), 4 survivors (4096K)
 Metaspace       used 39296K, capacity 40142K, committed 40368K, reserved 1085440K
  class space    used 4338K, capacity 4604K, committed 4608K, reserved 1048576K
}

